<?xml version="1.0" encoding="UTF-8"?>
<testng-results skipped="0" failed="1" ignored="0" total="40" passed="39">
  <reporter-output>
  </reporter-output>
  <suite name="EmployeeRestAPISuite" duration-ms="33235" started-at="2019-08-20T12:05:00Z" finished-at="2019-08-20T12:05:33Z">
    <groups>
    </groups>
    <test name="EmployeeRestAPITest" duration-ms="33235" started-at="2019-08-20T12:05:00Z" finished-at="2019-08-20T12:05:33Z">
      <class name="com.employeeapi.testcase.TC001_Get_All_Employees">
        <test-method status="PASS" signature="setup()[pri:0, instance:com.employeeapi.testcase.TC001_Get_All_Employees@1bce4f0a]" name="setup" is-config="true" duration-ms="101" started-at="2019-08-20T12:05:00Z" finished-at="2019-08-20T12:05:00Z">
          <reporter-output>
          </reporter-output>
        </test-method> <!-- setup -->
        <test-method status="PASS" signature="getAllEmployees()[pri:0, instance:com.employeeapi.testcase.TC001_Get_All_Employees@1bce4f0a]" name="getAllEmployees" is-config="true" duration-ms="7292" started-at="2019-08-20T12:05:00Z" finished-at="2019-08-20T12:05:08Z">
          <reporter-output>
          </reporter-output>
        </test-method> <!-- getAllEmployees -->
        <test-method status="PASS" signature="checkContentLength()[pri:0, instance:com.employeeapi.testcase.TC001_Get_All_Employees@1bce4f0a]" name="checkContentLength" duration-ms="194" started-at="2019-08-20T12:05:08Z" finished-at="2019-08-20T12:05:08Z">
          <reporter-output>
          </reporter-output>
        </test-method> <!-- checkContentLength -->
        <test-method status="PASS" signature="checkContentType()[pri:0, instance:com.employeeapi.testcase.TC001_Get_All_Employees@1bce4f0a]" name="checkContentType" duration-ms="6" started-at="2019-08-20T12:05:08Z" finished-at="2019-08-20T12:05:08Z">
          <reporter-output>
          </reporter-output>
        </test-method> <!-- checkContentType -->
        <test-method status="PASS" signature="checkCookies()[pri:0, instance:com.employeeapi.testcase.TC001_Get_All_Employees@1bce4f0a]" name="checkCookies" duration-ms="5" started-at="2019-08-20T12:05:08Z" finished-at="2019-08-20T12:05:08Z">
          <reporter-output>
          </reporter-output>
        </test-method> <!-- checkCookies -->
        <test-method status="PASS" signature="checkResponseTime()[pri:0, instance:com.employeeapi.testcase.TC001_Get_All_Employees@1bce4f0a]" name="checkResponseTime" duration-ms="14" started-at="2019-08-20T12:05:08Z" finished-at="2019-08-20T12:05:08Z">
          <reporter-output>
          </reporter-output>
        </test-method> <!-- checkResponseTime -->
        <test-method status="PASS" signature="checkStatusCode()[pri:0, instance:com.employeeapi.testcase.TC001_Get_All_Employees@1bce4f0a]" name="checkStatusCode" duration-ms="9" started-at="2019-08-20T12:05:08Z" finished-at="2019-08-20T12:05:08Z">
          <reporter-output>
          </reporter-output>
        </test-method> <!-- checkStatusCode -->
        <test-method status="PASS" signature="checkStatusLine()[pri:0, instance:com.employeeapi.testcase.TC001_Get_All_Employees@1bce4f0a]" name="checkStatusLine" duration-ms="9" started-at="2019-08-20T12:05:08Z" finished-at="2019-08-20T12:05:08Z">
          <reporter-output>
          </reporter-output>
        </test-method> <!-- checkStatusLine -->
        <test-method status="PASS" signature="checkserverType()[pri:0, instance:com.employeeapi.testcase.TC001_Get_All_Employees@1bce4f0a]" name="checkserverType" duration-ms="11" started-at="2019-08-20T12:05:08Z" finished-at="2019-08-20T12:05:08Z">
          <reporter-output>
          </reporter-output>
        </test-method> <!-- checkserverType -->
        <test-method status="PASS" signature="checkResponsebody()[pri:1, instance:com.employeeapi.testcase.TC001_Get_All_Employees@1bce4f0a]" name="checkResponsebody" duration-ms="5" started-at="2019-08-20T12:05:33Z" finished-at="2019-08-20T12:05:33Z">
          <reporter-output>
          </reporter-output>
        </test-method> <!-- checkResponsebody -->
        <test-method status="PASS" signature="tearDown()[pri:0, instance:com.employeeapi.testcase.TC001_Get_All_Employees@1bce4f0a]" name="tearDown" is-config="true" duration-ms="1" started-at="2019-08-20T12:05:33Z" finished-at="2019-08-20T12:05:33Z">
          <reporter-output>
          </reporter-output>
        </test-method> <!-- tearDown -->
      </class> <!-- com.employeeapi.testcase.TC001_Get_All_Employees -->
      <class name="com.employeeapi.testcase.TC004_Put_Employee_Record">
        <test-method status="PASS" signature="setup()[pri:0, instance:com.employeeapi.testcase.TC004_Put_Employee_Record@91161c7]" name="setup" is-config="true" duration-ms="3" started-at="2019-08-20T12:05:21Z" finished-at="2019-08-20T12:05:21Z">
          <reporter-output>
          </reporter-output>
        </test-method> <!-- setup -->
        <test-method status="PASS" signature="updateEmployee()[pri:0, instance:com.employeeapi.testcase.TC004_Put_Employee_Record@91161c7]" name="updateEmployee" is-config="true" duration-ms="5718" started-at="2019-08-20T12:05:21Z" finished-at="2019-08-20T12:05:26Z">
          <reporter-output>
          </reporter-output>
        </test-method> <!-- updateEmployee -->
        <test-method status="PASS" signature="checkContentLength()[pri:0, instance:com.employeeapi.testcase.TC004_Put_Employee_Record@91161c7]" name="checkContentLength" duration-ms="4" started-at="2019-08-20T12:05:26Z" finished-at="2019-08-20T12:05:26Z">
          <reporter-output>
          </reporter-output>
        </test-method> <!-- checkContentLength -->
        <test-method status="PASS" signature="checkContentType()[pri:0, instance:com.employeeapi.testcase.TC004_Put_Employee_Record@91161c7]" name="checkContentType" duration-ms="4" started-at="2019-08-20T12:05:26Z" finished-at="2019-08-20T12:05:26Z">
          <reporter-output>
          </reporter-output>
        </test-method> <!-- checkContentType -->
        <test-method status="PASS" signature="checkCookies()[pri:0, instance:com.employeeapi.testcase.TC004_Put_Employee_Record@91161c7]" name="checkCookies" duration-ms="26" started-at="2019-08-20T12:05:26Z" finished-at="2019-08-20T12:05:26Z">
          <reporter-output>
          </reporter-output>
        </test-method> <!-- checkCookies -->
        <test-method status="PASS" signature="checkResponseTime()[pri:0, instance:com.employeeapi.testcase.TC004_Put_Employee_Record@91161c7]" name="checkResponseTime" duration-ms="13" started-at="2019-08-20T12:05:26Z" finished-at="2019-08-20T12:05:26Z">
          <reporter-output>
          </reporter-output>
        </test-method> <!-- checkResponseTime -->
        <test-method status="FAIL" signature="checkResponsebody()[pri:0, instance:com.employeeapi.testcase.TC004_Put_Employee_Record@91161c7]" name="checkResponsebody" duration-ms="11" started-at="2019-08-20T12:05:26Z" finished-at="2019-08-20T12:05:26Z">
          <exception class="java.lang.AssertionError">
            <message>
              <![CDATA[expected [true] but found [false]]]>
            </message>
            <full-stacktrace>
              <![CDATA[java.lang.AssertionError: expected [true] but found [false]
at org.testng.Assert.fail(Assert.java:96)
at org.testng.Assert.failNotEquals(Assert.java:776)
at org.testng.Assert.assertEqualsImpl(Assert.java:137)
at org.testng.Assert.assertEquals(Assert.java:118)
at org.testng.Assert.assertEquals(Assert.java:568)
at org.testng.Assert.assertEquals(Assert.java:578)
at com.employeeapi.testcase.TC004_Put_Employee_Record.checkResponsebody(TC004_Put_Employee_Record.java:53)
at sun.reflect.NativeMethodAccessorImpl.invoke0(Native Method)
at sun.reflect.NativeMethodAccessorImpl.invoke(Unknown Source)
at sun.reflect.DelegatingMethodAccessorImpl.invoke(Unknown Source)
at java.lang.reflect.Method.invoke(Unknown Source)
at org.testng.internal.MethodInvocationHelper.invokeMethod(MethodInvocationHelper.java:124)
at org.testng.internal.Invoker.invokeMethod(Invoker.java:583)
at org.testng.internal.Invoker.invokeTestMethod(Invoker.java:719)
at org.testng.internal.Invoker.invokeTestMethods(Invoker.java:989)
at org.testng.internal.TestMethodWorker.invokeTestMethods(TestMethodWorker.java:125)
at org.testng.internal.TestMethodWorker.run(TestMethodWorker.java:109)
at org.testng.TestRunner.privateRun(TestRunner.java:648)
at org.testng.TestRunner.run(TestRunner.java:505)
at org.testng.SuiteRunner.runTest(SuiteRunner.java:455)
at org.testng.SuiteRunner.runSequentially(SuiteRunner.java:450)
at org.testng.SuiteRunner.privateRun(SuiteRunner.java:415)
at org.testng.SuiteRunner.run(SuiteRunner.java:364)
at org.testng.SuiteRunnerWorker.runSuite(SuiteRunnerWorker.java:52)
at org.testng.SuiteRunnerWorker.run(SuiteRunnerWorker.java:84)
at org.testng.TestNG.runSuitesSequentially(TestNG.java:1208)
at org.testng.TestNG.runSuitesLocally(TestNG.java:1137)
at org.testng.TestNG.runSuites(TestNG.java:1049)
at org.testng.TestNG.run(TestNG.java:1017)
at org.testng.remote.AbstractRemoteTestNG.run(AbstractRemoteTestNG.java:114)
at org.testng.remote.RemoteTestNG.initAndRun(RemoteTestNG.java:251)
at org.testng.remote.RemoteTestNG.main(RemoteTestNG.java:77)
]]>
            </full-stacktrace>
          </exception> <!-- java.lang.AssertionError -->
          <reporter-output>
          </reporter-output>
        </test-method> <!-- checkResponsebody -->
        <test-method status="PASS" signature="checkStatusCode()[pri:0, instance:com.employeeapi.testcase.TC004_Put_Employee_Record@91161c7]" name="checkStatusCode" duration-ms="3" started-at="2019-08-20T12:05:26Z" finished-at="2019-08-20T12:05:26Z">
          <reporter-output>
          </reporter-output>
        </test-method> <!-- checkStatusCode -->
        <test-method status="PASS" signature="checkStatusLine()[pri:0, instance:com.employeeapi.testcase.TC004_Put_Employee_Record@91161c7]" name="checkStatusLine" duration-ms="2" started-at="2019-08-20T12:05:26Z" finished-at="2019-08-20T12:05:26Z">
          <reporter-output>
          </reporter-output>
        </test-method> <!-- checkStatusLine -->
        <test-method status="PASS" signature="checkserverType()[pri:0, instance:com.employeeapi.testcase.TC004_Put_Employee_Record@91161c7]" name="checkserverType" duration-ms="7" started-at="2019-08-20T12:05:26Z" finished-at="2019-08-20T12:05:26Z">
          <reporter-output>
          </reporter-output>
        </test-method> <!-- checkserverType -->
        <test-method status="PASS" signature="tearDown()[pri:0, instance:com.employeeapi.testcase.TC004_Put_Employee_Record@91161c7]" name="tearDown" is-config="true" duration-ms="1" started-at="2019-08-20T12:05:26Z" finished-at="2019-08-20T12:05:26Z">
          <reporter-output>
          </reporter-output>
        </test-method> <!-- tearDown -->
      </class> <!-- com.employeeapi.testcase.TC004_Put_Employee_Record -->
      <class name="com.employeeapi.testcase.TC002_Get_Single_Employee_Record">
        <test-method status="PASS" signature="setup()[pri:0, instance:com.employeeapi.testcase.TC002_Get_Single_Employee_Record@5e3a8624]" name="setup" is-config="true" duration-ms="6" started-at="2019-08-20T12:05:08Z" finished-at="2019-08-20T12:05:08Z">
          <reporter-output>
          </reporter-output>
        </test-method> <!-- setup -->
        <test-method status="PASS" signature="getEmployeeData()[pri:0, instance:com.employeeapi.testcase.TC002_Get_Single_Employee_Record@5e3a8624]" name="getEmployeeData" is-config="true" duration-ms="6683" started-at="2019-08-20T12:05:08Z" finished-at="2019-08-20T12:05:15Z">
          <reporter-output>
          </reporter-output>
        </test-method> <!-- getEmployeeData -->
        <test-method status="PASS" signature="checkContentLength()[pri:0, instance:com.employeeapi.testcase.TC002_Get_Single_Employee_Record@5e3a8624]" name="checkContentLength" duration-ms="8" started-at="2019-08-20T12:05:15Z" finished-at="2019-08-20T12:05:15Z">
          <reporter-output>
          </reporter-output>
        </test-method> <!-- checkContentLength -->
        <test-method status="PASS" signature="checkContentType()[pri:0, instance:com.employeeapi.testcase.TC002_Get_Single_Employee_Record@5e3a8624]" name="checkContentType" duration-ms="8" started-at="2019-08-20T12:05:15Z" finished-at="2019-08-20T12:05:15Z">
          <reporter-output>
          </reporter-output>
        </test-method> <!-- checkContentType -->
        <test-method status="PASS" signature="checkCookies()[pri:0, instance:com.employeeapi.testcase.TC002_Get_Single_Employee_Record@5e3a8624]" name="checkCookies" duration-ms="4" started-at="2019-08-20T12:05:15Z" finished-at="2019-08-20T12:05:15Z">
          <reporter-output>
          </reporter-output>
        </test-method> <!-- checkCookies -->
        <test-method status="PASS" signature="checkResponseTime()[pri:0, instance:com.employeeapi.testcase.TC002_Get_Single_Employee_Record@5e3a8624]" name="checkResponseTime" duration-ms="4" started-at="2019-08-20T12:05:15Z" finished-at="2019-08-20T12:05:15Z">
          <reporter-output>
          </reporter-output>
        </test-method> <!-- checkResponseTime -->
        <test-method status="PASS" signature="checkResponsebody()[pri:0, instance:com.employeeapi.testcase.TC002_Get_Single_Employee_Record@5e3a8624]" name="checkResponsebody" duration-ms="28" started-at="2019-08-20T12:05:15Z" finished-at="2019-08-20T12:05:15Z">
          <reporter-output>
          </reporter-output>
        </test-method> <!-- checkResponsebody -->
        <test-method status="PASS" signature="checkStatusCode()[pri:0, instance:com.employeeapi.testcase.TC002_Get_Single_Employee_Record@5e3a8624]" name="checkStatusCode" duration-ms="4" started-at="2019-08-20T12:05:15Z" finished-at="2019-08-20T12:05:15Z">
          <reporter-output>
          </reporter-output>
        </test-method> <!-- checkStatusCode -->
        <test-method status="PASS" signature="checkStatusLine()[pri:0, instance:com.employeeapi.testcase.TC002_Get_Single_Employee_Record@5e3a8624]" name="checkStatusLine" duration-ms="4" started-at="2019-08-20T12:05:15Z" finished-at="2019-08-20T12:05:15Z">
          <reporter-output>
          </reporter-output>
        </test-method> <!-- checkStatusLine -->
        <test-method status="PASS" signature="checkserverType()[pri:0, instance:com.employeeapi.testcase.TC002_Get_Single_Employee_Record@5e3a8624]" name="checkserverType" duration-ms="3" started-at="2019-08-20T12:05:15Z" finished-at="2019-08-20T12:05:15Z">
          <reporter-output>
          </reporter-output>
        </test-method> <!-- checkserverType -->
        <test-method status="PASS" signature="tearDown()[pri:0, instance:com.employeeapi.testcase.TC002_Get_Single_Employee_Record@5e3a8624]" name="tearDown" is-config="true" duration-ms="1" started-at="2019-08-20T12:05:15Z" finished-at="2019-08-20T12:05:15Z">
          <reporter-output>
          </reporter-output>
        </test-method> <!-- tearDown -->
      </class> <!-- com.employeeapi.testcase.TC002_Get_Single_Employee_Record -->
      <class name="com.employeeapi.testcase.TC005_Delete_Employee_Record">
        <test-method status="PASS" signature="setup()[pri:0, instance:com.employeeapi.testcase.TC005_Delete_Employee_Record@604ed9f0]" name="setup" is-config="true" duration-ms="7" started-at="2019-08-20T12:05:26Z" finished-at="2019-08-20T12:05:26Z">
          <reporter-output>
          </reporter-output>
        </test-method> <!-- setup -->
        <test-method status="PASS" signature="updateEmployee()[pri:0, instance:com.employeeapi.testcase.TC005_Delete_Employee_Record@604ed9f0]" name="updateEmployee" is-config="true" duration-ms="6880" started-at="2019-08-20T12:05:26Z" finished-at="2019-08-20T12:05:33Z">
          <reporter-output>
          </reporter-output>
        </test-method> <!-- updateEmployee -->
        <test-method status="PASS" signature="checkContentLength()[pri:0, instance:com.employeeapi.testcase.TC005_Delete_Employee_Record@604ed9f0]" name="checkContentLength" duration-ms="6" started-at="2019-08-20T12:05:33Z" finished-at="2019-08-20T12:05:33Z">
          <reporter-output>
          </reporter-output>
        </test-method> <!-- checkContentLength -->
        <test-method status="PASS" signature="checkContentType()[pri:0, instance:com.employeeapi.testcase.TC005_Delete_Employee_Record@604ed9f0]" name="checkContentType" duration-ms="5" started-at="2019-08-20T12:05:33Z" finished-at="2019-08-20T12:05:33Z">
          <reporter-output>
          </reporter-output>
        </test-method> <!-- checkContentType -->
        <test-method status="PASS" signature="checkCookies()[pri:0, instance:com.employeeapi.testcase.TC005_Delete_Employee_Record@604ed9f0]" name="checkCookies" duration-ms="5" started-at="2019-08-20T12:05:33Z" finished-at="2019-08-20T12:05:33Z">
          <reporter-output>
          </reporter-output>
        </test-method> <!-- checkCookies -->
        <test-method status="PASS" signature="checkResponseTime()[pri:0, instance:com.employeeapi.testcase.TC005_Delete_Employee_Record@604ed9f0]" name="checkResponseTime" duration-ms="4" started-at="2019-08-20T12:05:33Z" finished-at="2019-08-20T12:05:33Z">
          <reporter-output>
          </reporter-output>
        </test-method> <!-- checkResponseTime -->
        <test-method status="PASS" signature="checkResponsebody()[pri:0, instance:com.employeeapi.testcase.TC005_Delete_Employee_Record@604ed9f0]" name="checkResponsebody" duration-ms="4" started-at="2019-08-20T12:05:33Z" finished-at="2019-08-20T12:05:33Z">
          <reporter-output>
          </reporter-output>
        </test-method> <!-- checkResponsebody -->
        <test-method status="PASS" signature="checkStatusCode()[pri:0, instance:com.employeeapi.testcase.TC005_Delete_Employee_Record@604ed9f0]" name="checkStatusCode" duration-ms="5" started-at="2019-08-20T12:05:33Z" finished-at="2019-08-20T12:05:33Z">
          <reporter-output>
          </reporter-output>
        </test-method> <!-- checkStatusCode -->
        <test-method status="PASS" signature="checkStatusLine()[pri:0, instance:com.employeeapi.testcase.TC005_Delete_Employee_Record@604ed9f0]" name="checkStatusLine" duration-ms="3" started-at="2019-08-20T12:05:33Z" finished-at="2019-08-20T12:05:33Z">
          <reporter-output>
          </reporter-output>
        </test-method> <!-- checkStatusLine -->
        <test-method status="PASS" signature="checkserverType()[pri:0, instance:com.employeeapi.testcase.TC005_Delete_Employee_Record@604ed9f0]" name="checkserverType" duration-ms="10" started-at="2019-08-20T12:05:33Z" finished-at="2019-08-20T12:05:33Z">
          <reporter-output>
          </reporter-output>
        </test-method> <!-- checkserverType -->
        <test-method status="PASS" signature="tearDown()[pri:0, instance:com.employeeapi.testcase.TC005_Delete_Employee_Record@604ed9f0]" name="tearDown" is-config="true" duration-ms="1" started-at="2019-08-20T12:05:33Z" finished-at="2019-08-20T12:05:33Z">
          <reporter-output>
          </reporter-output>
        </test-method> <!-- tearDown -->
      </class> <!-- com.employeeapi.testcase.TC005_Delete_Employee_Record -->
      <class name="com.employeeapi.testcase.TC003_Post_Employee_Record">
        <test-method status="PASS" signature="setup()[pri:0, instance:com.employeeapi.testcase.TC003_Post_Employee_Record@5c3bd550]" name="setup" is-config="true" duration-ms="3" started-at="2019-08-20T12:05:15Z" finished-at="2019-08-20T12:05:15Z">
          <reporter-output>
          </reporter-output>
        </test-method> <!-- setup -->
        <test-method status="PASS" signature="createNewEmployee()[pri:0, instance:com.employeeapi.testcase.TC003_Post_Employee_Record@5c3bd550]" name="createNewEmployee" is-config="true" duration-ms="5744" started-at="2019-08-20T12:05:15Z" finished-at="2019-08-20T12:05:20Z">
          <reporter-output>
          </reporter-output>
        </test-method> <!-- createNewEmployee -->
        <test-method status="PASS" signature="checkContentLength()[pri:0, instance:com.employeeapi.testcase.TC003_Post_Employee_Record@5c3bd550]" name="checkContentLength" duration-ms="6" started-at="2019-08-20T12:05:20Z" finished-at="2019-08-20T12:05:20Z">
          <reporter-output>
          </reporter-output>
        </test-method> <!-- checkContentLength -->
        <test-method status="PASS" signature="checkContentType()[pri:0, instance:com.employeeapi.testcase.TC003_Post_Employee_Record@5c3bd550]" name="checkContentType" duration-ms="12" started-at="2019-08-20T12:05:20Z" finished-at="2019-08-20T12:05:20Z">
          <reporter-output>
          </reporter-output>
        </test-method> <!-- checkContentType -->
        <test-method status="PASS" signature="checkCookies()[pri:0, instance:com.employeeapi.testcase.TC003_Post_Employee_Record@5c3bd550]" name="checkCookies" duration-ms="4" started-at="2019-08-20T12:05:20Z" finished-at="2019-08-20T12:05:20Z">
          <reporter-output>
          </reporter-output>
        </test-method> <!-- checkCookies -->
        <test-method status="PASS" signature="checkResponseTime()[pri:0, instance:com.employeeapi.testcase.TC003_Post_Employee_Record@5c3bd550]" name="checkResponseTime" duration-ms="4" started-at="2019-08-20T12:05:20Z" finished-at="2019-08-20T12:05:20Z">
          <reporter-output>
          </reporter-output>
        </test-method> <!-- checkResponseTime -->
        <test-method status="PASS" signature="checkResponsebody()[pri:0, instance:com.employeeapi.testcase.TC003_Post_Employee_Record@5c3bd550]" name="checkResponsebody" duration-ms="3" started-at="2019-08-20T12:05:20Z" finished-at="2019-08-20T12:05:20Z">
          <reporter-output>
          </reporter-output>
        </test-method> <!-- checkResponsebody -->
        <test-method status="PASS" signature="checkStatusCode()[pri:0, instance:com.employeeapi.testcase.TC003_Post_Employee_Record@5c3bd550]" name="checkStatusCode" duration-ms="5" started-at="2019-08-20T12:05:20Z" finished-at="2019-08-20T12:05:20Z">
          <reporter-output>
          </reporter-output>
        </test-method> <!-- checkStatusCode -->
        <test-method status="PASS" signature="checkStatusLine()[pri:0, instance:com.employeeapi.testcase.TC003_Post_Employee_Record@5c3bd550]" name="checkStatusLine" duration-ms="7" started-at="2019-08-20T12:05:21Z" finished-at="2019-08-20T12:05:21Z">
          <reporter-output>
          </reporter-output>
        </test-method> <!-- checkStatusLine -->
        <test-method status="PASS" signature="checkserverType()[pri:0, instance:com.employeeapi.testcase.TC003_Post_Employee_Record@5c3bd550]" name="checkserverType" duration-ms="5" started-at="2019-08-20T12:05:21Z" finished-at="2019-08-20T12:05:21Z">
          <reporter-output>
          </reporter-output>
        </test-method> <!-- checkserverType -->
        <test-method status="PASS" signature="tearDown()[pri:0, instance:com.employeeapi.testcase.TC003_Post_Employee_Record@5c3bd550]" name="tearDown" is-config="true" duration-ms="2" started-at="2019-08-20T12:05:21Z" finished-at="2019-08-20T12:05:21Z">
          <reporter-output>
          </reporter-output>
        </test-method> <!-- tearDown -->
      </class> <!-- com.employeeapi.testcase.TC003_Post_Employee_Record -->
    </test> <!-- EmployeeRestAPITest -->
  </suite> <!-- EmployeeRestAPISuite -->
</testng-results>
