<?xml version="1.0" encoding="UTF-8"?>
<!-- Generated by org.testng.reporters.JUnitXMLReporter -->
<testsuite hostname="DESKTOP-HB6M1H3" ignored="0" name="Default test" tests="8" failures="0" timestamp="20 Aug 2019 08:29:09 GMT" time="8.494" errors="0">
  <testcase name="checkContentLength" time="0.011" classname="com.employeeapi.testcase.TC002_Get_Single_Employee_Record"/>
  <testcase name="checkContentType" time="0.011" classname="com.employeeapi.testcase.TC002_Get_Single_Employee_Record"/>
  <testcase name="checkCookies" time="0.002" classname="com.employeeapi.testcase.TC002_Get_Single_Employee_Record"/>
  <testcase name="checkResponseTime" time="0.002" classname="com.employeeapi.testcase.TC002_Get_Single_Employee_Record"/>
  <testcase name="checkResponsebody" time="0.031" classname="com.employeeapi.testcase.TC002_Get_Single_Employee_Record"/>
  <testcase name="checkStatusCode" time="0.002" classname="com.employeeapi.testcase.TC002_Get_Single_Employee_Record"/>
  <testcase name="checkStatusLine" time="0.004" classname="com.employeeapi.testcase.TC002_Get_Single_Employee_Record"/>
  <testcase name="checkserverType" time="0.003" classname="com.employeeapi.testcase.TC002_Get_Single_Employee_Record"/>
</testsuite> <!-- Default test -->
