<?xml version="1.0" encoding="UTF-8"?>
<!-- Generated by org.testng.reporters.JUnitXMLReporter -->
<testsuite hostname="DESKTOP-HB6M1H3" ignored="0" name="EmployeeRestAPITest" tests="40" failures="1" timestamp="20 Aug 2019 12:05:33 GMT" time="33.235" errors="0">
  <testcase name="checkContentLength" time="0.194" classname="com.employeeapi.testcase.TC001_Get_All_Employees"/>
  <testcase name="checkContentType" time="0.006" classname="com.employeeapi.testcase.TC001_Get_All_Employees"/>
  <testcase name="checkCookies" time="0.005" classname="com.employeeapi.testcase.TC001_Get_All_Employees"/>
  <testcase name="checkResponseTime" time="0.014" classname="com.employeeapi.testcase.TC001_Get_All_Employees"/>
  <testcase name="checkStatusCode" time="0.009" classname="com.employeeapi.testcase.TC001_Get_All_Employees"/>
  <testcase name="checkStatusLine" time="0.009" classname="com.employeeapi.testcase.TC001_Get_All_Employees"/>
  <testcase name="checkserverType" time="0.011" classname="com.employeeapi.testcase.TC001_Get_All_Employees"/>
  <testcase name="checkContentLength" time="0.008" classname="com.employeeapi.testcase.TC002_Get_Single_Employee_Record"/>
  <testcase name="checkContentType" time="0.008" classname="com.employeeapi.testcase.TC002_Get_Single_Employee_Record"/>
  <testcase name="checkCookies" time="0.004" classname="com.employeeapi.testcase.TC002_Get_Single_Employee_Record"/>
  <testcase name="checkResponseTime" time="0.004" classname="com.employeeapi.testcase.TC002_Get_Single_Employee_Record"/>
  <testcase name="checkResponsebody" time="0.028" classname="com.employeeapi.testcase.TC002_Get_Single_Employee_Record"/>
  <testcase name="checkStatusCode" time="0.004" classname="com.employeeapi.testcase.TC002_Get_Single_Employee_Record"/>
  <testcase name="checkStatusLine" time="0.004" classname="com.employeeapi.testcase.TC002_Get_Single_Employee_Record"/>
  <testcase name="checkserverType" time="0.003" classname="com.employeeapi.testcase.TC002_Get_Single_Employee_Record"/>
  <testcase name="checkContentLength" time="0.006" classname="com.employeeapi.testcase.TC003_Post_Employee_Record"/>
  <testcase name="checkContentType" time="0.012" classname="com.employeeapi.testcase.TC003_Post_Employee_Record"/>
  <testcase name="checkCookies" time="0.004" classname="com.employeeapi.testcase.TC003_Post_Employee_Record"/>
  <testcase name="checkResponseTime" time="0.004" classname="com.employeeapi.testcase.TC003_Post_Employee_Record"/>
  <testcase name="checkResponsebody" time="0.003" classname="com.employeeapi.testcase.TC003_Post_Employee_Record"/>
  <testcase name="checkStatusCode" time="0.005" classname="com.employeeapi.testcase.TC003_Post_Employee_Record"/>
  <testcase name="checkStatusLine" time="0.007" classname="com.employeeapi.testcase.TC003_Post_Employee_Record"/>
  <testcase name="checkserverType" time="0.005" classname="com.employeeapi.testcase.TC003_Post_Employee_Record"/>
  <testcase name="checkContentLength" time="0.004" classname="com.employeeapi.testcase.TC004_Put_Employee_Record"/>
  <testcase name="checkContentType" time="0.004" classname="com.employeeapi.testcase.TC004_Put_Employee_Record"/>
  <testcase name="checkCookies" time="0.026" classname="com.employeeapi.testcase.TC004_Put_Employee_Record"/>
  <testcase name="checkResponseTime" time="0.013" classname="com.employeeapi.testcase.TC004_Put_Employee_Record"/>
  <testcase name="checkResponsebody" time="0.011" classname="com.employeeapi.testcase.TC004_Put_Employee_Record">
    <failure type="java.lang.AssertionError" message="expected [true] but found [false]">
      <![CDATA[java.lang.AssertionError: expected [true] but found [false]
at com.employeeapi.testcase.TC004_Put_Employee_Record.checkResponsebody(TC004_Put_Employee_Record.java:53)
... Removed 31 stack frames]]>
    </failure>
  </testcase> <!-- checkResponsebody -->
  <testcase name="checkStatusCode" time="0.003" classname="com.employeeapi.testcase.TC004_Put_Employee_Record"/>
  <testcase name="checkStatusLine" time="0.002" classname="com.employeeapi.testcase.TC004_Put_Employee_Record"/>
  <testcase name="checkserverType" time="0.007" classname="com.employeeapi.testcase.TC004_Put_Employee_Record"/>
  <testcase name="checkContentLength" time="0.006" classname="com.employeeapi.testcase.TC005_Delete_Employee_Record"/>
  <testcase name="checkContentType" time="0.005" classname="com.employeeapi.testcase.TC005_Delete_Employee_Record"/>
  <testcase name="checkCookies" time="0.005" classname="com.employeeapi.testcase.TC005_Delete_Employee_Record"/>
  <testcase name="checkResponseTime" time="0.004" classname="com.employeeapi.testcase.TC005_Delete_Employee_Record"/>
  <testcase name="checkResponsebody" time="0.004" classname="com.employeeapi.testcase.TC005_Delete_Employee_Record"/>
  <testcase name="checkStatusCode" time="0.005" classname="com.employeeapi.testcase.TC005_Delete_Employee_Record"/>
  <testcase name="checkStatusLine" time="0.003" classname="com.employeeapi.testcase.TC005_Delete_Employee_Record"/>
  <testcase name="checkserverType" time="0.01" classname="com.employeeapi.testcase.TC005_Delete_Employee_Record"/>
  <testcase name="checkResponsebody" time="0.005" classname="com.employeeapi.testcase.TC001_Get_All_Employees"/>
</testsuite> <!-- EmployeeRestAPITest -->
